c:\users\kamil\source\repos\5618f368-gr72-repo\projekt\wypo\wypo\x64\debug\vc143.pdb
c:\users\kamil\source\repos\5618f368-gr72-repo\projekt\wypo\wypo\x64\debug\vc143.idb
c:\users\kamil\source\repos\5618f368-gr72-repo\projekt\wypo\wypo\x64\debug\warehouse.obj
c:\users\kamil\source\repos\5618f368-gr72-repo\projekt\wypo\wypo\x64\debug\main.obj
c:\users\kamil\source\repos\5618f368-gr72-repo\projekt\wypo\wypo\x64\debug\rent.obj
c:\users\kamil\source\repos\5618f368-gr72-repo\projekt\wypo\wypo\x64\debug\oscyloskop.obj
c:\users\kamil\source\repos\5618f368-gr72-repo\projekt\wypo\wypo\x64\debug\multimetr.obj
c:\users\kamil\source\repos\5618f368-gr72-repo\projekt\wypo\wypo\x64\debug\generatorarbitralny.obj
c:\users\kamil\source\repos\5618f368-gr72-repo\projekt\wypo\wypo\x64\debug\connect.obj
c:\users\kamil\source\repos\5618f368-gr72-repo\projekt\wypo\wypo\x64\debug\analizator.obj
c:\users\kamil\source\repos\5618f368-gr72-repo\projekt\wypo\x64\debug\wypo.exe
c:\users\kamil\source\repos\5618f368-gr72-repo\projekt\wypo\wypo\x64\debug\wypo.ilk
c:\users\kamil\source\repos\5618f368-gr72-repo\projekt\wypo\x64\debug\wypo.pdb
c:\users\kamil\source\repos\5618f368-gr72-repo\projekt\wypo\wypo\x64\debug\connect.obj.enc
c:\users\kamil\source\repos\5618f368-gr72-repo\projekt\wypo\wypo\x64\debug\rent.obj.enc
c:\users\kamil\source\repos\5618f368-gr72-repo\projekt\wypo\wypo\x64\debug\wypo.tlog\cl.command.1.tlog
c:\users\kamil\source\repos\5618f368-gr72-repo\projekt\wypo\wypo\x64\debug\wypo.tlog\cl.read.1.tlog
c:\users\kamil\source\repos\5618f368-gr72-repo\projekt\wypo\wypo\x64\debug\wypo.tlog\cl.write.1.tlog
c:\users\kamil\source\repos\5618f368-gr72-repo\projekt\wypo\wypo\x64\debug\wypo.tlog\link.command.1.tlog
c:\users\kamil\source\repos\5618f368-gr72-repo\projekt\wypo\wypo\x64\debug\wypo.tlog\link.read.1.tlog
c:\users\kamil\source\repos\5618f368-gr72-repo\projekt\wypo\wypo\x64\debug\wypo.tlog\link.write.1.tlog
